<?xml version="1.0" encoding="UTF-8"?>
<testsuite name="Presenter.DataInput.InputCommodityInfoTest" tests="6" skipped="0" failures="0" errors="0" timestamp="2016-07-18T04:32:46" hostname="feng" time="0.009">
  <properties/>
  <testcase name="should_return_false_when_alter_a_commodity_information_but_the_commodity_nonexistence" classname="Presenter.DataInput.InputCommodityInfoTest" time="0.003"/>
  <testcase name="should_return_true_when_insert_a_new_commodity_information" classname="Presenter.DataInput.InputCommodityInfoTest" time="0.001"/>
  <testcase name="should_return_true_when_alter_a_commodity_information" classname="Presenter.DataInput.InputCommodityInfoTest" time="0.001"/>
  <testcase name="should_return_false_when_insert_a_existing_commodity_information" classname="Presenter.DataInput.InputCommodityInfoTest" time="0.001"/>
  <testcase name="should_return_true_when_delete_a_commodity_information" classname="Presenter.DataInput.InputCommodityInfoTest" time="0.001"/>
  <testcase name="should_return_false_when_delete_a_existing_commodity_information" classname="Presenter.DataInput.InputCommodityInfoTest" time="0.0"/>
  <system-out><![CDATA[]]></system-out>
  <system-err><![CDATA[]]></system-err>
</testsuite>
